<?xml version="1.0" encoding="utf-8"?>
<TestRun id="b3fc008a-0e90-43a9-a982-e6f52f9366f2" name="@040fbfa2664d 2025-09-28 12:09:51" xmlns="http://microsoft.com/schemas/VisualStudio/TeamTest/2010">
  <Times creation="2025-09-28T12:09:51.1061096+00:00" queuing="2025-09-28T12:09:51.1061097+00:00" start="2025-09-28T12:09:43.2794300+00:00" finish="2025-09-28T12:09:51.1114959+00:00" />
  <TestSettings name="default" id="b1089fd4-8bb4-47b2-8fbb-fba642ee47a7">
    <Deployment runDeploymentRoot="_040fbfa2664d_2025-09-28_12_09_51" />
  </TestSettings>
  <Results>
    <UnitTestResult executionId="77367c4f-99c0-4a29-9d17-1aae23055fa7" testId="b36b45a9-322f-d045-5f02-3d8941e95bb3" testName="SwaggerApiDocs_AreDisplayed" computerName="040fbfa2664d" duration="00:00:06.5937587" startTime="2025-09-28T12:09:51.0339433+00:00" endTime="2025-09-28T12:09:51.0339816+00:00" testType="13cdc9d9-ddb5-4fa4-a97d-d965ccfc6d4b" outcome="Failed" testListId="8c84fa94-04c1-424b-9868-57a2d4851a1d" relativeResultsDirectory="77367c4f-99c0-4a29-9d17-1aae23055fa7">
      <Output>
        <ErrorInfo>
          <Message>System.TimeoutException : Timeout 5000ms exceeded.
Call log:
  - waiting for Locator(".opblock").First to be visible</Message>
          <StackTrace>   at Microsoft.Playwright.Transport.Connection.InnerSendMessageToServerAsync[T](ChannelOwner object, String method, Dictionary`2 dictionary, Boolean keepNulls) in /_/src/Playwright/Transport/Connection.cs:line 201
   at Microsoft.Playwright.Transport.Connection.WrapApiCallAsync[T](Func`1 action, Boolean isInternal, String title) in /_/src/Playwright/Transport/Connection.cs:line 499
   at E2eTests.SwaggerE2eTests.SwaggerApiDocs_AreDisplayed() in /tests/E2eTests/SwaggerE2eTests.cs:line 64
   at E2eTests.SwaggerE2eTests.SwaggerApiDocs_AreDisplayed() in /tests/E2eTests/SwaggerE2eTests.cs:line 75
--- End of stack trace from previous location ---</StackTrace>
        </ErrorInfo>
      </Output>
    </UnitTestResult>
  </Results>
  <TestDefinitions>
    <UnitTest name="SwaggerApiDocs_AreDisplayed" storage="/tests/e2etests/bin/release/net9.0/e2etests.dll" id="b36b45a9-322f-d045-5f02-3d8941e95bb3">
      <Execution id="77367c4f-99c0-4a29-9d17-1aae23055fa7" />
      <TestMethod codeBase="/tests/E2eTests/bin/Release/net9.0/E2eTests.dll" adapterTypeName="executor://xunit/VsTestRunner2/netcoreapp" className="E2eTests.SwaggerE2eTests" name="SwaggerApiDocs_AreDisplayed" />
    </UnitTest>
  </TestDefinitions>
  <TestEntries>
    <TestEntry testId="b36b45a9-322f-d045-5f02-3d8941e95bb3" executionId="77367c4f-99c0-4a29-9d17-1aae23055fa7" testListId="8c84fa94-04c1-424b-9868-57a2d4851a1d" />
  </TestEntries>
  <TestLists>
    <TestList name="Results Not in a List" id="8c84fa94-04c1-424b-9868-57a2d4851a1d" />
    <TestList name="All Loaded Results" id="19431567-8539-422a-85d7-44ee4e166bda" />
  </TestLists>
  <ResultSummary outcome="Failed">
    <Counters total="1" executed="1" passed="0" failed="1" error="0" timeout="0" aborted="0" inconclusive="0" passedButRunAborted="0" notRunnable="0" notExecuted="0" disconnected="0" warning="0" completed="0" inProgress="0" pending="0" />
    <Output>
      <StdOut>[xUnit.net 00:00:00.00] xUnit.net VSTest Adapter v2.8.2+699d445a1a (64-bit .NET 9.0.9)
[xUnit.net 00:00:00.06]   Discovering: E2eTests
[xUnit.net 00:00:00.10]   Discovered:  E2eTests
[xUnit.net 00:00:00.10]   Starting:    E2eTests
[xUnit.net 00:00:07.39]       System.TimeoutException : Timeout 5000ms exceeded.
[xUnit.net 00:00:07.39]       Call log:
[xUnit.net 00:00:07.39]         - waiting for Locator(".opblock").First to be visible
[xUnit.net 00:00:07.39]       Stack Trace:
[xUnit.net 00:00:07.39]         /_/src/Playwright/Transport/Connection.cs(201,0): at Microsoft.Playwright.Transport.Connection.InnerSendMessageToServerAsync[T](ChannelOwner object, String method, Dictionary`2 dictionary, Boolean keepNulls)
[xUnit.net 00:00:07.39]         /_/src/Playwright/Transport/Connection.cs(499,0): at Microsoft.Playwright.Transport.Connection.WrapApiCallAsync[T](Func`1 action, Boolean isInternal, String title)
[xUnit.net 00:00:07.39]         /tests/E2eTests/SwaggerE2eTests.cs(64,0): at E2eTests.SwaggerE2eTests.SwaggerApiDocs_AreDisplayed()
[xUnit.net 00:00:07.39]         /tests/E2eTests/SwaggerE2eTests.cs(75,0): at E2eTests.SwaggerE2eTests.SwaggerApiDocs_AreDisplayed()
[xUnit.net 00:00:07.39]         --- End of stack trace from previous location ---
[xUnit.net 00:00:07.40]   Finished:    E2eTests
</StdOut>
    </Output>
    <RunInfos>
      <RunInfo computerName="040fbfa2664d" outcome="Error" timestamp="2025-09-28T12:09:51.0305302+00:00">
        <Text>[xUnit.net 00:00:07.39]     SwaggerApiDocs_AreDisplayed [FAIL]</Text>
      </RunInfo>
    </RunInfos>
  </ResultSummary>
</TestRun>