<?xml version="1.0" encoding="utf-8"?>
<TestRun id="5974b761-41fb-422c-bc49-f18482b2ef74" name="@2a427376d2b7 2025-09-28 12:11:55" xmlns="http://microsoft.com/schemas/VisualStudio/TeamTest/2010">
  <Times creation="2025-09-28T12:11:55.1565355+00:00" queuing="2025-09-28T12:11:55.1565356+00:00" start="2025-09-28T12:11:52.4186093+00:00" finish="2025-09-28T12:11:55.1616715+00:00" />
  <TestSettings name="default" id="793b1ec8-fe12-4ecb-b585-3ccc2a01caf0">
    <Deployment runDeploymentRoot="_2a427376d2b7_2025-09-28_12_11_55" />
  </TestSettings>
  <Results>
    <UnitTestResult executionId="e5d82c35-2281-4dd7-a4d1-7402125f860f" testId="b36b45a9-322f-d045-5f02-3d8941e95bb3" testName="SwaggerApiDocs_AreDisplayed" computerName="2a427376d2b7" duration="00:00:01.5226773" startTime="2025-09-28T12:11:55.0744402+00:00" endTime="2025-09-28T12:11:55.0744643+00:00" testType="13cdc9d9-ddb5-4fa4-a97d-d965ccfc6d4b" outcome="Passed" testListId="8c84fa94-04c1-424b-9868-57a2d4851a1d" relativeResultsDirectory="e5d82c35-2281-4dd7-a4d1-7402125f860f" />
  </Results>
  <TestDefinitions>
    <UnitTest name="SwaggerApiDocs_AreDisplayed" storage="/tests/e2etests/bin/release/net9.0/e2etests.dll" id="b36b45a9-322f-d045-5f02-3d8941e95bb3">
      <Execution id="e5d82c35-2281-4dd7-a4d1-7402125f860f" />
      <TestMethod codeBase="/tests/E2eTests/bin/Release/net9.0/E2eTests.dll" adapterTypeName="executor://xunit/VsTestRunner2/netcoreapp" className="E2eTests.SwaggerE2eTests" name="SwaggerApiDocs_AreDisplayed" />
    </UnitTest>
  </TestDefinitions>
  <TestEntries>
    <TestEntry testId="b36b45a9-322f-d045-5f02-3d8941e95bb3" executionId="e5d82c35-2281-4dd7-a4d1-7402125f860f" testListId="8c84fa94-04c1-424b-9868-57a2d4851a1d" />
  </TestEntries>
  <TestLists>
    <TestList name="Results Not in a List" id="8c84fa94-04c1-424b-9868-57a2d4851a1d" />
    <TestList name="All Loaded Results" id="19431567-8539-422a-85d7-44ee4e166bda" />
  </TestLists>
  <ResultSummary outcome="Completed">
    <Counters total="1" executed="1" passed="1" failed="0" error="0" timeout="0" aborted="0" inconclusive="0" passedButRunAborted="0" notRunnable="0" notExecuted="0" disconnected="0" warning="0" completed="0" inProgress="0" pending="0" />
    <Output>
      <StdOut>[xUnit.net 00:00:00.00] xUnit.net VSTest Adapter v2.8.2+699d445a1a (64-bit .NET 9.0.9)
[xUnit.net 00:00:00.07]   Discovering: E2eTests
[xUnit.net 00:00:00.09]   Discovered:  E2eTests
[xUnit.net 00:00:00.10]   Starting:    E2eTests
[xUnit.net 00:00:02.33]   Finished:    E2eTests
</StdOut>
    </Output>
  </ResultSummary>
</TestRun>